#
# There is insufficient memory for the Java Runtime Environment to continue.
# Native memory allocation (malloc) failed to allocate 1048576 bytes for AllocateHeap
# Possible reasons:
#   The system is out of physical RAM or swap space
#   The process is running with CompressedOops enabled, and the Java Heap may be blocking the growth of the native heap
# Possible solutions:
#   Reduce memory load on the system
#   Increase physical memory or swap space
#   Check if swap backing store is full
#   Decrease Java heap size (-Xmx/-Xms)
#   Decrease number of Java threads
#   Decrease Java thread stack sizes (-Xss)
#   Set larger code cache with -XX:ReservedCodeCacheSize=
#   JVM is running with Zero Based Compressed Oops mode in which the Java heap is
#     placed in the first 32GB address space. The Java Heap base address is the
#     maximum limit for the native heap growth. Please use -XX:HeapBaseMinAddress
#     to set the Java Heap base and to place the Java Heap above 32GB virtual address.
# This output file may be truncated or incomplete.
#
#  Out of Memory Error (memory/allocation.inline.hpp:61), pid=14792, tid=0x0000000000009094
#
# JRE version:  (8.0_271-b09) (build )
# Java VM: Java HotSpot(TM) 64-Bit Server VM (25.271-b09 mixed mode windows-amd64 compressed oops)
# Failed to write core dump. Minidumps are not enabled by default on client versions of Windows
#

---------------  T H R E A D  ---------------

Current thread (0x0000026f336a0000):  JavaThread "Unknown thread" [_thread_in_vm, id=37012, stack(0x0000007aead00000,0x0000007aeae00000)]

Stack: [0x0000007aead00000,0x0000007aeae00000]
Native frames: (J=compiled Java code, j=interpreted, Vv=VM code, C=native code)
V  [jvm.dll+0x33f6c9]
V  [jvm.dll+0x286122]
V  [jvm.dll+0x286dcd]
V  [jvm.dll+0x27d805]
V  [jvm.dll+0x1565d]
V  [jvm.dll+0x3d98d8]
V  [jvm.dll+0x3da5ca]
V  [jvm.dll+0x3d6637]
V  [jvm.dll+0x10cfff]
V  [jvm.dll+0x21ab2b]
V  [jvm.dll+0x2494e7]
V  [jvm.dll+0x172a76]
C  [javaw.exe+0x2322]
C  [javaw.exe+0x16544]
C  [KERNEL32.DLL+0x17bd4]
C  [ntdll.dll+0x6ced1]


---------------  P R O C E S S  ---------------

Java Threads: ( => current thread )

Other Threads:

=>0x0000026f336a0000 (exited) JavaThread "Unknown thread" [_thread_in_vm, id=37012, stack(0x0000007aead00000,0x0000007aeae00000)]

VM state:not at safepoint (normal execution)

VM Mutex/Monitor currently owned by a thread: None

heap address: 0x00000006c3e00000, size: 4034 MB, Compressed Oops mode: Zero based, Oop shift amount: 3
Narrow klass base: 0x0000000000000000, Narrow klass shift: 3
Compressed class space size: 1073741824 Address: 0x00000007c0000000

Heap:
 PSYoungGen      total 75776K, used 1300K [0x000000076bf80000, 0x0000000771400000, 0x00000007c0000000)
  eden space 65024K, 2% used [0x000000076bf80000,0x000000076c0c51f8,0x000000076ff00000)
  from space 10752K, 0% used [0x0000000770980000,0x0000000770980000,0x0000000771400000)
  to   space 10752K, 0% used [0x000000076ff00000,0x000000076ff00000,0x0000000770980000)
 ParOldGen       total 173568K, used 0K [0x00000006c3e00000, 0x00000006ce780000, 0x000000076bf80000)
  object space 173568K, 0% used [0x00000006c3e00000,0x00000006c3e00000,0x00000006ce780000)
 Metaspace       used 752K, capacity 4480K, committed 4480K, reserved 1056768K
  class space    used 76K, capacity 384K, committed 384K, reserved 1048576K

Card table byte_map: [0x0000026f44560000,0x0000026f44d50000] byte_map_base: 0x0000026f40f41000

Marking Bits: (ParMarkBitMap*) 0x0000000061b27fe0
 Begin Bits: [0x0000026f452a0000, 0x0000026f491a8000)
 End Bits:   [0x0000026f491a8000, 0x0000026f4d0b0000)

Polling page: 0x0000026f35170000

CodeCache: size=245760Kb used=328Kb max_used=328Kb free=245431Kb
 bounds [0x0000026f351a0000, 0x0000026f35410000, 0x0000026f441a0000]
 total_blobs=58 nmethods=0 adapters=38
 compilation: enabled

Compilation events (0 events):
No events

GC Heap History (0 events):
No events

Deoptimization events (0 events):
No events

Classes redefined (0 events):
No events

Internal exceptions (0 events):
No events

Events (10 events):
Event: 0.035 loading class java/lang/Short
Event: 0.035 loading class java/lang/Short done
Event: 0.035 loading class java/lang/Integer
Event: 0.035 loading class java/lang/Integer done
Event: 0.035 loading class java/lang/Long
Event: 0.035 loading class java/lang/Long done
Event: 0.036 loading class java/lang/NullPointerException
Event: 0.036 loading class java/lang/NullPointerException done
Event: 0.036 loading class java/lang/ArithmeticException
Event: 0.036 loading class java/lang/ArithmeticException done


Dynamic libraries:
0x00007ff7f7ef0000 - 0x00007ff7f7f37000 	C:\Program Files\Java\jre1.8.0_271\bin\javaw.exe
0x00007ff9a1b60000 - 0x00007ff9a1d50000 	C:\Windows\SYSTEM32\ntdll.dll
0x00007ff9a0ba0000 - 0x00007ff9a0c52000 	C:\Windows\System32\KERNEL32.DLL
0x00007ff99ee40000 - 0x00007ff99f0e3000 	C:\Windows\System32\KERNELBASE.dll
0x00007ff9a0440000 - 0x00007ff9a04e3000 	C:\Windows\System32\ADVAPI32.dll
0x00007ff9a16d0000 - 0x00007ff9a176e000 	C:\Windows\System32\msvcrt.dll
0x00007ff9a0ee0000 - 0x00007ff9a0f77000 	C:\Windows\System32\sechost.dll
0x00007ff99fcc0000 - 0x00007ff99fde0000 	C:\Windows\System32\RPCRT4.dll
0x00007ff9a0d40000 - 0x00007ff9a0ed4000 	C:\Windows\System32\USER32.dll
0x00007ff99ec40000 - 0x00007ff99ec61000 	C:\Windows\System32\win32u.dll
0x00007ff9a1930000 - 0x00007ff9a1956000 	C:\Windows\System32\GDI32.dll
0x00007ff99eca0000 - 0x00007ff99ee34000 	C:\Windows\System32\gdi32full.dll
0x00007ff99fb20000 - 0x00007ff99fbbe000 	C:\Windows\System32\msvcp_win.dll
0x00007ff99fa20000 - 0x00007ff99fb1a000 	C:\Windows\System32\ucrtbase.dll
0x00007ff98abd0000 - 0x00007ff98ae55000 	C:\Windows\WinSxS\amd64_microsoft.windows.common-controls_6595b64144ccf1df_6.0.18362.535_none_e6c3b34713100821\COMCTL32.dll
0x00007ff9a0710000 - 0x00007ff9a0a46000 	C:\Windows\System32\combase.dll
0x00007ff99ebc0000 - 0x00007ff99ec40000 	C:\Windows\System32\bcryptPrimitives.dll
0x00007ff99feb0000 - 0x00007ff99fede000 	C:\Windows\System32\IMM32.DLL
0x00007ff951900000 - 0x00007ff952012000 	C:\Program Files\McAfee\DLP\Agent\fcagpph64.dll
0x00007ff9a0fe0000 - 0x00007ff9a16c5000 	C:\Windows\System32\SHELL32.dll
0x00007ff99fbc0000 - 0x00007ff99fc0a000 	C:\Windows\System32\cfgmgr32.dll
0x00007ff9a0af0000 - 0x00007ff9a0b99000 	C:\Windows\System32\shcore.dll
0x00007ff99f0f0000 - 0x00007ff99f86f000 	C:\Windows\System32\windows.storage.dll
0x00007ff99ea40000 - 0x00007ff99ea5f000 	C:\Windows\System32\profapi.dll
0x00007ff99ea80000 - 0x00007ff99eaca000 	C:\Windows\System32\powrprof.dll
0x00007ff99ea30000 - 0x00007ff99ea40000 	C:\Windows\System32\UMPDC.dll
0x00007ff9a06b0000 - 0x00007ff9a0702000 	C:\Windows\System32\shlwapi.dll
0x00007ff99ea60000 - 0x00007ff99ea71000 	C:\Windows\System32\kernel.appcore.dll
0x00007ff99eaf0000 - 0x00007ff99eb07000 	C:\Windows\System32\cryptsp.dll
0x00007ff9a0550000 - 0x00007ff9a06a6000 	C:\Windows\System32\ole32.dll
0x00007ff99fde0000 - 0x00007ff99fea4000 	C:\Windows\System32\OLEAUT32.dll
0x00007ff97bc40000 - 0x00007ff97bcc9000 	C:\Windows\SYSTEM32\WINSPOOL.DRV
0x00007ff99ec70000 - 0x00007ff99ec96000 	C:\Windows\System32\bcrypt.dll
0x00007ff99db40000 - 0x00007ff99db4a000 	C:\Windows\SYSTEM32\VERSION.dll
0x00007ff9968b0000 - 0x00007ff99699f000 	C:\Windows\SYSTEM32\PROPSYS.dll
0x00007ff99df50000 - 0x00007ff99df8a000 	C:\Windows\SYSTEM32\IPHLPAPI.DLL
0x00007ff99e950000 - 0x00007ff99e97f000 	C:\Windows\SYSTEM32\SspiCli.dll
0x00007ff99d8a0000 - 0x00007ff99d8d1000 	C:\Windows\SYSTEM32\ntmarta.dll
0x00007ff954940000 - 0x00007ff954e06000 	C:\Program Files\McAfee\DLP\Agent\fcagafa64.dll
0x00007ff950160000 - 0x00007ff950848000 	C:\Program Files\McAfee\DLP\Agent\fcagcbh64.dll
0x00007ff95e370000 - 0x00007ff95e423000 	C:\Program Files\McAfee\Endpoint Security\Threat Prevention\Ips\EpMPApi.dll
0x0000026f33870000 - 0x0000026f338cc000 	C:\Windows\System32\WINTRUST.dll
0x00007ff99ead0000 - 0x00007ff99eae2000 	C:\Windows\System32\MSASN1.dll
0x0000026f34ff0000 - 0x0000026f35139000 	C:\Windows\System32\CRYPT32.dll
0x00000000640c0000 - 0x00000000640cc000 	C:\Program Files\McAfee\Endpoint Security\Threat Prevention\Ips\EpMPThe.dll
0x00007ff98a260000 - 0x00007ff98a275000 	C:\Program Files\Java\jre1.8.0_271\bin\vcruntime140.dll
0x00007ff95fd30000 - 0x00007ff95fdcb000 	C:\Program Files\Java\jre1.8.0_271\bin\msvcp140.dll
0x0000000061330000 - 0x0000000061b9f000 	C:\Program Files\Java\jre1.8.0_271\bin\server\jvm.dll
0x00007ff9a0ad0000 - 0x00007ff9a0ad8000 	C:\Windows\System32\PSAPI.DLL
0x00007ff996390000 - 0x00007ff996399000 	C:\Windows\SYSTEM32\WSOCK32.dll
0x00007ff9a0cd0000 - 0x00007ff9a0d3f000 	C:\Windows\System32\WS2_32.dll
0x00007ff998d60000 - 0x00007ff998d84000 	C:\Windows\SYSTEM32\WINMM.dll
0x00007ff998d30000 - 0x00007ff998d5d000 	C:\Windows\SYSTEM32\WINMMBASE.dll
0x00007ff998e50000 - 0x00007ff998e60000 	C:\Program Files\Java\jre1.8.0_271\bin\verify.dll
0x00007ff998990000 - 0x00007ff9989bb000 	C:\Program Files\Java\jre1.8.0_271\bin\java.dll
0x00007ff98e950000 - 0x00007ff98e968000 	C:\Program Files\Java\jre1.8.0_271\bin\zip.dll
0x00007ff998f30000 - 0x00007ff999124000 	C:\Windows\SYSTEM32\dbghelp.dll

VM Arguments:
jvm_args: -Dfile.encoding=Cp1252 
java_command: DayOne
java_class_path (initial): D:\BCP laptop\Eclipse Workspace\Check\target\test-classes;D:\BCP laptop\Eclipse Workspace\Check\target\classes;C:\Users\shrinivas.v\.m2\repository\org\seleniumhq\selenium\selenium-java\4.0.0-alpha-6\selenium-java-4.0.0-alpha-6.jar;C:\Users\shrinivas.v\.m2\repository\org\seleniumhq\selenium\selenium-api\4.0.0-alpha-6\selenium-api-4.0.0-alpha-6.jar;C:\Users\shrinivas.v\.m2\repository\org\seleniumhq\selenium\selenium-chrome-driver\4.0.0-alpha-6\selenium-chrome-driver-4.0.0-alpha-6.jar;C:\Users\shrinivas.v\.m2\repository\com\google\auto\service\auto-service-annotations\1.0-rc6\auto-service-annotations-1.0-rc6.jar;C:\Users\shrinivas.v\.m2\repository\com\google\auto\service\auto-service\1.0-rc6\auto-service-1.0-rc6.jar;C:\Users\shrinivas.v\.m2\repository\com\google\auto\auto-common\0.10\auto-common-0.10.jar;C:\Users\shrinivas.v\.m2\repository\com\google\guava\guava\29.0-jre\guava-29.0-jre.jar;C:\Users\shrinivas.v\.m2\repository\com\google\guava\failureaccess\1.0.1\failureaccess-1.0.1.jar;C:\Users\shrinivas.v\.m2\repository\com\google\guava\listenablefuture\9999.0-empty-to-avoid-conflict-with-guava\listenablefuture-9999.0-empty-to-avoid-conflict-with-guava.jar;C:\Users\shrinivas.v\.m2\repository\com\google\code\findbugs\jsr305\3.0.2\jsr305-3.0.2.jar;C:\Users\shrinivas.v\.m2\repository\org\checkerframework\checker-qual\2.11.1\checker-qual-2.11.1.jar;C:\Users\shrinivas.v\.m2\repository\com\google\errorprone\error_prone_annotations\2.3.4\error_prone_annotations-2.3.4.jar;C:\Users\shrinivas.v\.m2\repository\com\google\j2objc\j2objc-annotations\1.3\j2objc-annotations-1.3.jar;C:\Users\shrinivas.v\.m2\repository\org\seleniumhq\selenium\selenium-chromium-driver\4.0.0-alpha-6\selenium-chromium-driver-4.0.0-alpha-6.jar;C:\Users\shrinivas.v\.m2\repository\org\seleniumhq\selenium\selenium-devtools\4.0.0-alpha-6\selenium-devtools-4.0.0-alpha-6.jar;C:\Users\shrinivas.v\.m2\repository\org\seleniumhq\selenium\selenium-http\4.0.0-alpha-6\selenium-http-4.0.0-alp
Launcher Type: SUN_STANDARD

Environment Variables:
JAVA_HOME=C:\Program Files\Java\jdk-15.0.1
PATH=C:/Program Files/Java/jre1.8.0_271/bin/server;C:/Program Files/Java/jre1.8.0_271/bin;C:/Program Files/Java/jre1.8.0_271/lib/amd64;C:\Program Files\Common Files\Oracle\Java\javapath;C:\Program Files (x86)\RSA SecurID Token Common;C:\Program Files\RSA SecurID Token Common;C:\Program Files (x86)\Common Files\Oracle\Java\javapath;C:\Windows\system32;C:\Windows;C:\Windows\System32\Wbem;C:\Windows\System32\WindowsPowerShell\v1.0\;C:\Windows\System32\OpenSSH\;C:\Program Files\TortoiseSVN\bin;C:\Program Files\Java\jdk-15.0.1\bin;D:\BCP laptop\apache-maven-3.6.3\bin;C:\Users\shrinivas.v\AppData\Local\Microsoft\WindowsApps;;D:\BCP laptop\eclipse;
USERNAME=shrinivas.v
OS=Windows_NT
PROCESSOR_IDENTIFIER=Intel64 Family 6 Model 142 Stepping 12, GenuineIntel



---------------  S Y S T E M  ---------------

OS: Windows 10.0 , 64 bit Build 18362 (10.0.18362.329)

CPU:total 8 (initial active 8) (4 cores per cpu, 2 threads per core) family 6 model 142 stepping 12, cmov, cx8, fxsr, mmx, sse, sse2, sse3, ssse3, sse4.1, sse4.2, popcnt, avx, avx2, aes, clmul, erms, 3dnowpref, lzcnt, ht, tsc, tscinvbit, bmi1, bmi2, adx

Memory: 4k page, physical 16519112k(5163092k free), swap 29717060k(5140k free)

vm_info: Java HotSpot(TM) 64-Bit Server VM (25.271-b09) for windows-amd64 JRE (1.8.0_271-b09), built on Sep 16 2020 19:14:59 by "" with MS VC++ 15.9 (VS2017)

time: Wed Nov  4 14:18:16 2020
timezone: India Standard Time
elapsed time: 0.058864 seconds (0d 0h 0m 0s)

